D:/Development/Games/Game-005RJ8\RMLPFlashFlow.dll
D:/Development/Games/Game-005RJ8\RMLPFlashFlow.pdb
D:\DEVELOPMENT\GAMES\GAME-005RJ8\RMLPFLASHFLOW.DLL
D:\Development\Games\Game-005RJ8\RMLPFlashFlow.exp
D:\Development\Games\Game-005RJ8\RMLPFlashFlow.lib
D:\DEVELOPMENT\GAMES\GAME-005RJ8\RMLPFLASHFLOW.PDB
D:\Development_03\projects\Game-005RJ8\RMLPFlashFlow\BuildEnvironments\VisualStudio\Debug\cl.command.1.tlog
D:\Development_03\projects\Game-005RJ8\RMLPFlashFlow\BuildEnvironments\VisualStudio\Debug\CL.read.1.tlog
D:\Development_03\projects\Game-005RJ8\RMLPFlashFlow\BuildEnvironments\VisualStudio\Debug\CL.write.1.tlog
D:\DEVELOPMENT_03\PROJECTS\GAME-005RJ8\RMLPFLASHFLOW\BUILDENVIRONMENTS\VISUALSTUDIO\DEBUG\DEBUG.OBJ
D:\DEVELOPMENT_03\PROJECTS\GAME-005RJ8\RMLPFLASHFLOW\BUILDENVIRONMENTS\VISUALSTUDIO\DEBUG\EBGCOMMANDSEQUENCEEVENT.OBJ
D:\Development_03\projects\Game-005RJ8\RMLPFlashFlow\BuildEnvironments\VisualStudio\Debug\link.command.1.tlog
D:\Development_03\projects\Game-005RJ8\RMLPFlashFlow\BuildEnvironments\VisualStudio\Debug\link.read.1.tlog
D:\Development_03\projects\Game-005RJ8\RMLPFlashFlow\BuildEnvironments\VisualStudio\Debug\link.write.1.tlog
D:\Development_03\projects\Game-005RJ8\RMLPFlashFlow\BuildEnvironments\VisualStudio\Debug\mt.command.1.tlog
D:\Development_03\projects\Game-005RJ8\RMLPFlashFlow\BuildEnvironments\VisualStudio\Debug\mt.read.1.tlog
D:\Development_03\projects\Game-005RJ8\RMLPFlashFlow\BuildEnvironments\VisualStudio\Debug\mt.write.1.tlog
D:\DEVELOPMENT_03\PROJECTS\GAME-005RJ8\RMLPFLASHFLOW\BUILDENVIRONMENTS\VISUALSTUDIO\DEBUG\RMLPFLASHESSENTIALRECORD.OBJ
D:\DEVELOPMENT_03\PROJECTS\GAME-005RJ8\RMLPFLASHFLOW\BUILDENVIRONMENTS\VISUALSTUDIO\DEBUG\RMLPFLASHFLOW.DLL.INTERMEDIATE.MANIFEST
D:\DEVELOPMENT_03\PROJECTS\GAME-005RJ8\RMLPFLASHFLOW\BUILDENVIRONMENTS\VISUALSTUDIO\DEBUG\RMLPFLASHFLOW.OBJ
D:\Development_03\projects\Game-005RJ8\RMLPFlashFlow\BuildEnvironments\VisualStudio\Debug\RMLPFlashFlow.write.1.tlog
D:\DEVELOPMENT_03\PROJECTS\GAME-005RJ8\RMLPFLASHFLOW\BUILDENVIRONMENTS\VISUALSTUDIO\DEBUG\RMLPFLASHFLOWMAIN.OBJ
D:\DEVELOPMENT_03\PROJECTS\GAME-005RJ8\RMLPFLASHFLOW\BUILDENVIRONMENTS\VISUALSTUDIO\DEBUG\SHAREDOBJECTMAIN.OBJ
D:\DEVELOPMENT_03\PROJECTS\GAME-005RJ8\RMLPFLASHFLOW\BUILDENVIRONMENTS\VISUALSTUDIO\DEBUG\VC100.PDB
