C:\WINDOWS\TEMP\AEXAM\AEXE18D.TMP
D:/Development/Games/Game-005RJ8\RMLPFlashPresentation.dll
D:/Development/Games/Game-005RJ8\RMLPFlashPresentation.pdb
D:\DEVELOPMENT\GAMES\GAME-005RJ8\RMLPFLASHPRESENTATION.DLL
D:\Development\Games\Game-005RJ8\RMLPFlashPresentation.exp
D:\Development\Games\Game-005RJ8\RMLPFlashPresentation.lib
D:\DEVELOPMENT\GAMES\GAME-005RJ8\RMLPFLASHPRESENTATION.PDB
D:\Development_03\projects\Game-005RJ8\RMLPFlashPresentation\BuildEnvironments\VisualStudio\Debug\cl.command.1.tlog
D:\Development_03\projects\Game-005RJ8\RMLPFlashPresentation\BuildEnvironments\VisualStudio\Debug\CL.read.1.tlog
D:\Development_03\projects\Game-005RJ8\RMLPFlashPresentation\BuildEnvironments\VisualStudio\Debug\CL.write.1.tlog
D:\DEVELOPMENT_03\PROJECTS\GAME-005RJ8\RMLPFLASHPRESENTATION\BUILDENVIRONMENTS\VISUALSTUDIO\DEBUG\DEBUG.OBJ
D:\DEVELOPMENT_03\PROJECTS\GAME-005RJ8\RMLPFLASHPRESENTATION\BUILDENVIRONMENTS\VISUALSTUDIO\DEBUG\EBGCOMMANDSEQUENCEEVENT.OBJ
D:\Development_03\projects\Game-005RJ8\RMLPFlashPresentation\BuildEnvironments\VisualStudio\Debug\link.command.1.tlog
D:\Development_03\projects\Game-005RJ8\RMLPFlashPresentation\BuildEnvironments\VisualStudio\Debug\link.read.1.tlog
D:\Development_03\projects\Game-005RJ8\RMLPFlashPresentation\BuildEnvironments\VisualStudio\Debug\link.write.1.tlog
D:\Development_03\projects\Game-005RJ8\RMLPFlashPresentation\BuildEnvironments\VisualStudio\Debug\mt.command.1.tlog
D:\Development_03\projects\Game-005RJ8\RMLPFlashPresentation\BuildEnvironments\VisualStudio\Debug\mt.read.1.tlog
D:\Development_03\projects\Game-005RJ8\RMLPFlashPresentation\BuildEnvironments\VisualStudio\Debug\mt.write.1.tlog
D:\DEVELOPMENT_03\PROJECTS\GAME-005RJ8\RMLPFLASHPRESENTATION\BUILDENVIRONMENTS\VISUALSTUDIO\DEBUG\RMLPFLASHESSENTIALRECORD.OBJ
D:\DEVELOPMENT_03\PROJECTS\GAME-005RJ8\RMLPFLASHPRESENTATION\BUILDENVIRONMENTS\VISUALSTUDIO\DEBUG\RMLPFLASHPRESENTATION.DLL.INTERMEDIATE.MANIFEST
D:\DEVELOPMENT_03\PROJECTS\GAME-005RJ8\RMLPFLASHPRESENTATION\BUILDENVIRONMENTS\VISUALSTUDIO\DEBUG\RMLPFLASHPRESENTATION.OBJ
D:\Development_03\projects\Game-005RJ8\RMLPFlashPresentation\BuildEnvironments\VisualStudio\Debug\RMLPFlashPresentation.write.1.tlog
D:\DEVELOPMENT_03\PROJECTS\GAME-005RJ8\RMLPFLASHPRESENTATION\BUILDENVIRONMENTS\VISUALSTUDIO\DEBUG\RMLPFLASHPRESENTATIONMAIN.OBJ
D:\DEVELOPMENT_03\PROJECTS\GAME-005RJ8\RMLPFLASHPRESENTATION\BUILDENVIRONMENTS\VISUALSTUDIO\DEBUG\SHAREDOBJECTMAIN.OBJ
D:\DEVELOPMENT_03\PROJECTS\GAME-005RJ8\RMLPFLASHPRESENTATION\BUILDENVIRONMENTS\VISUALSTUDIO\DEBUG\VC100.PDB
